10 20 4 2
11 19 4 2
100 1000 143 69
2 2 1 1
0 2 1 1
2 11 5 2
2 12 5 2
2 13 6 3
2 14 6 3
-1 2 1 1
2 3 2 1
0 3 2 1
-1 3 2 1
27 37 3 2
9 50 11 5
48 94 9 4
35 60 6 3
0 2 1 1
37 51 4 2
6 37 9 4
23 48 7 3
32 67 8 4
18 33 4 1
26980 299503 23002 11485
92717 695374 47255 23620
72141 133218 5292 2632
28661 171104 12474 6222
50698 647707 47455 23743
65751 526449 36988 18481
56685 873352 63584 31765
88085 667214 45558 22778
3055 155883 13916 6947
76888 908880 64377 32160
740149 740149 0 0
917977 917977 0 0
265490 265490 0 0
346025 346025 0 0
151339 151339 1 0
105858 105858 0 0
104067 104067 0 0
481784 481784 0 0
14586 14586 0 0
53733 53733 0 0
887333 887333 1 1
718049 718049 1 1
178393 178393 1 1
558721 558721 1 1
301649 301649 1 1
620297 620297 1 1
725789 725789 1 1
523213 523213 1 1
471617 471617 1 1
698977 698977 1 1
812431 812431 1 0
517967 517967 1 0
139123 139123 1 0
781243 781243 1 0
976799 976799 1 0
861391 861391 1 0
375391 375391 1 0
795103 795103 1 0
216451 216451 1 0
156319 156319 1 0
146297 773453 48456 24180
17341 458309 36341 18152
93889 764969 52293 26104
95257 979229 67840 33875
413417 993617 43163 21555
120641 322501 16456 8224
392321 911593 38877 19416
14437 986257 75822 37852
18701 902653 69332 34627
255049 901097 48914 24435
257783 312799 4363 2180
341347 787139 33702 16819
14411 864407 66986 33457
66179 492587 34352 17150
23291 626683 48505 24260
497831 514523 1265 629
71503 288199 17993 8988
419999 839599 31469 15725
64919 79531 1304 645
164767 335107 13729 6841
796487 901567 7701 3864
486713 498391 902 463
791677 841751 3683 1848
49727 757879 55709 27808
632839 682489 3703 1815
418709 725789 23187 11598
815599 934151 8678 4341
140053 927497 60280 30109
421609 976559 41327 20641
846823 909071 4573 2292
704834 970776 19487 9709
42612 545646 40538 20260
925350 952558 1955 979
419444 882016 34627 17314
783192 902652 8762 4403
317922 491080 13415 6699
714944 991620 20227 10067
743804 870612 9345 4676
401772 731248 24892 12443
691290 912166 16282 8111
-7617 851584 67735 33824
-8424 912774 72220 36055
-3930 144159 13351 6659
-8053 715530 57711 28838
-586 426011 35855 17894
-6960 505836 41983 20955
-874 618132 50480 25237
-3449 313480 27071 13511
-7503 198923 17897 8929
-8142 303475 26278 13116
-9510 -8348 0 0
-5443 -3793 0 0
-8324 -7285 0 0
-7858 -7078 0 0
-8679 -3384 0 0
-4129 -3689 0 0
-7253 -5466 0 0
-7355 -6346 0 0
-7689 -259 0 0
-7697 -6719 0 0
-999999 -999999 0 0
-999999 -1 0 0
-999999 0 0 0
-999999 2 1 1
-999999 999961 78496 39176
-999999 999983 78498 39176
-999999 999999 78498 39176
-1 0 0 0
-1 2 1 1
-1 999961 78496 39176
-1 999983 78498 39176
-1 999999 78498 39176
0 0 0 0
0 2 1 1
0 999961 78496 39176
0 999983 78498 39176
0 999999 78498 39176
2 2 1 1
2 999961 78496 39176
2 999983 78498 39176
2 999999 78498 39176
999961 999961 1 1
999961 999983 3 1
999961 999999 3 1
999983 999983 1 0
999983 999999 1 0
999999 999999 0 0
-999999 999999 78498 39176
-999999 999999 78498 39176
-999999 999999 78498 39176
-999999 999999 78498 39176
-999999 999999 78498 39176
-999999 999999 78498 39176
-999999 999999 78498 39176
-999999 999999 78498 39176
-999999 999999 78498 39176
-999999 999999 78498 39176
-999999 999999 78498 39176
-999999 999999 78498 39176
-999999 999999 78498 39176
-999999 999999 78498 39176
-999999 999999 78498 39176
-999999 999999 78498 39176
-999999 999999 78498 39176
-999999 999999 78498 39176
-999999 999999 78498 39176
-999999 999999 78498 39176
-999999 999999 78498 39176
-999999 999999 78498 39176
-999999 999999 78498 39176
-999999 999999 78498 39176
-999999 999999 78498 39176
-999999 999999 78498 39176
-999999 999999 78498 39176
-999999 999999 78498 39176
-999999 999999 78498 39176
-999999 999999 78498 39176
-999999 999999 78498 39176
-999999 999999 78498 39176
-999999 999999 78498 39176
-999999 999999 78498 39176
-999999 999999 78498 39176
-999999 999999 78498 39176
-999999 999999 78498 39176
-999999 999999 78498 39176
-999999 999999 78498 39176
-999999 999999 78498 39176
-999999 999999 78498 39176
-999999 999999 78498 39176
-999999 999999 78498 39176
-999999 999999 78498 39176
-999999 999999 78498 39176
-999999 999999 78498 39176
-999999 999999 78498 39176
-999999 999999 78498 39176
-999999 999999 78498 39176
-999999 999999 78498 39176
-999999 999999 78498 39176
-999999 999999 78498 39176
-999999 999999 78498 39176
-999999 999999 78498 39176
-999999 999999 78498 39176
-999999 999999 78498 39176
-999999 999999 78498 39176
-999999 999999 78498 39176
-999999 999999 78498 39176
-999999 999999 78498 39176
-999999 999999 78498 39176
-999999 999999 78498 39176
-999999 999999 78498 39176
-999999 999999 78498 39176
-999999 999999 78498 39176
-999999 999999 78498 39176
-999999 999999 78498 39176
-999999 999999 78498 39176
-999999 999999 78498 39176
-999999 999999 78498 39176
-999999 999999 78498 39176
-999999 999999 78498 39176
-999999 999999 78498 39176
-999999 999999 78498 39176
-999999 999999 78498 39176
-999999 999999 78498 39176
-999999 999999 78498 39176
-999999 999999 78498 39176
-999999 999999 78498 39176
-999999 999999 78498 39176
-999999 999999 78498 39176
-999999 999999 78498 39176
-999999 999999 78498 39176
-999999 999999 78498 39176
-999999 999999 78498 39176
-999999 999999 78498 39176
-999999 999999 78498 39176
-999999 999999 78498 39176
-999999 999999 78498 39176
-999999 999999 78498 39176
-999999 999999 78498 39176
-999999 999999 78498 39176
-999999 999999 78498 39176
-999999 999999 78498 39176
-999999 999999 78498 39176
-999999 999999 78498 39176
-999999 999999 78498 39176
-999999 999999 78498 39176
-999999 999999 78498 39176
-999999 999999 78498 39176
-999999 999999 78498 39176
-999999 999999 78498 39176
-999999 999999 78498 39176
-999999 999999 78498 39176
-999999 999999 78498 39176
-999999 999999 78498 39176
-999999 999999 78498 39176
-999999 999999 78498 39176
-999999 999999 78498 39176
-999999 999999 78498 39176
-999999 999999 78498 39176
-999999 999999 78498 39176
-999999 999999 78498 39176
-999999 999999 78498 39176
-999999 999999 78498 39176
-999999 999999 78498 39176
-999999 999999 78498 39176
-999999 999999 78498 39176
-999999 999999 78498 39176
-999999 999999 78498 39176
-999999 999999 78498 39176
-999999 999999 78498 39176
-999999 999999 78498 39176
-999999 999999 78498 39176
-999999 999999 78498 39176
-999999 999999 78498 39176
-999999 999999 78498 39176
-999999 999999 78498 39176
-999999 999999 78498 39176
-999999 999999 78498 39176
-999999 999999 78498 39176
-999999 999999 78498 39176
-999999 999999 78498 39176
-999999 999999 78498 39176
-999999 999999 78498 39176
-999999 999999 78498 39176
-999999 999999 78498 39176
-999999 999999 78498 39176
-999999 999999 78498 39176
-999999 999999 78498 39176
-999999 999999 78498 39176
-999999 999999 78498 39176
-999999 999999 78498 39176
-999999 999999 78498 39176
-999999 999999 78498 39176
-999999 999999 78498 39176
-999999 999999 78498 39176
-999999 999999 78498 39176
-999999 999999 78498 39176
-999999 999999 78498 39176
-999999 999999 78498 39176
-999999 999999 78498 39176
-999999 999999 78498 39176
-999999 999999 78498 39176
-999999 999999 78498 39176
-999999 999999 78498 39176
-999999 999999 78498 39176
-999999 999999 78498 39176
-999999 999999 78498 39176
-999999 999999 78498 39176
-999999 999999 78498 39176
-999999 999999 78498 39176
-999999 999999 78498 39176
-999999 999999 78498 39176
-999999 999999 78498 39176
-999999 999999 78498 39176
-999999 999999 78498 39176
-999999 999999 78498 39176
-999999 999999 78498 39176
-999999 999999 78498 39176
-999999 999999 78498 39176
-999999 999999 78498 39176
-999999 999999 78498 39176
-999999 999999 78498 39176
-999999 999999 78498 39176
-999999 999999 78498 39176
-999999 999999 78498 39176
-999999 999999 78498 39176
-999999 999999 78498 39176
-999999 999999 78498 39176
-999999 999999 78498 39176
-999999 999999 78498 39176
-999999 999999 78498 39176
-999999 999999 78498 39176
-999999 999999 78498 39176
-999999 999999 78498 39176
-999999 999999 78498 39176
-999999 999999 78498 39176
-999999 999999 78498 39176
-999999 999999 78498 39176
-999999 999999 78498 39176
-999999 999999 78498 39176
-999999 999999 78498 39176
-999999 999999 78498 39176
-999999 999999 78498 39176
-999999 999999 78498 39176
-999999 999999 78498 39176
-999999 999999 78498 39176
-999999 999999 78498 39176
-999999 999999 78498 39176
-999999 999999 78498 39176
-999999 999999 78498 39176
-999999 999999 78498 39176
-999999 999999 78498 39176
-999999 999999 78498 39176
-999999 999999 78498 39176
-999999 999999 78498 39176
-999999 999999 78498 39176
-999999 999999 78498 39176
-999999 999999 78498 39176
-999999 999999 78498 39176
-999999 999999 78498 39176
-999999 999999 78498 39176
-999999 999999 78498 39176
-999999 999999 78498 39176
-999999 999999 78498 39176
-999999 999999 78498 39176
-999999 999999 78498 39176
-999999 999999 78498 39176
-999999 999999 78498 39176
-999999 999999 78498 39176
-999999 999999 78498 39176
-999999 999999 78498 39176
-999999 999999 78498 39176
-999999 999999 78498 39176
-999999 999999 78498 39176
-999999 999999 78498 39176
-999999 999999 78498 39176
-999999 999999 78498 39176
-999999 999999 78498 39176
-999999 999999 78498 39176
-999999 999999 78498 39176
-999999 999999 78498 39176
-999999 999999 78498 39176
-999999 999999 78498 39176
-999999 999999 78498 39176
-999999 999999 78498 39176
-999999 999999 78498 39176
-999999 999999 78498 39176
-999999 999999 78498 39176
-999999 999999 78498 39176
-999999 999999 78498 39176
-999999 999999 78498 39176
-999999 999999 78498 39176
-999999 999999 78498 39176
-999999 999999 78498 39176
-999999 999999 78498 39176
-999999 999999 78498 39176
-999999 999999 78498 39176
-999999 999999 78498 39176
-999999 999999 78498 39176
-999999 999999 78498 39176
-999999 999999 78498 39176
-999999 999999 78498 39176
-999999 999999 78498 39176
-999999 999999 78498 39176
-999999 999999 78498 39176
-999999 999999 78498 39176
-999999 999999 78498 39176
-999999 999999 78498 39176
-999999 999999 78498 39176
-999999 999999 78498 39176
-999999 999999 78498 39176
-999999 999999 78498 39176
-999999 999999 78498 39176
-999999 999999 78498 39176
-999999 999999 78498 39176
-999999 999999 78498 39176
-999999 999999 78498 39176
-999999 999999 78498 39176
-999999 999999 78498 39176
-999999 999999 78498 39176
-999999 999999 78498 39176
-999999 999999 78498 39176
-999999 999999 78498 39176
-999999 999999 78498 39176
-999999 999999 78498 39176
-999999 999999 78498 39176
-999999 999999 78498 39176
-999999 999999 78498 39176
-999999 999999 78498 39176
-999999 999999 78498 39176
-999999 999999 78498 39176
-999999 999999 78498 39176
-999999 999999 78498 39176
-999999 999999 78498 39176
-999999 999999 78498 39176
-999999 999999 78498 39176
-999999 999999 78498 39176
-999999 999999 78498 39176
-999999 999999 78498 39176
-999999 999999 78498 39176
-999999 999999 78498 39176
-999999 999999 78498 39176
-999999 999999 78498 39176
-999999 999999 78498 39176
-999999 999999 78498 39176
-999999 999999 78498 39176
-999999 999999 78498 39176
-999999 999999 78498 39176
-999999 999999 78498 39176
-999999 999999 78498 39176
-999999 999999 78498 39176
-999999 999999 78498 39176
-999999 999999 78498 39176
-999999 999999 78498 39176
-999999 999999 78498 39176
-999999 999999 78498 39176
-999999 999999 78498 39176
-999999 999999 78498 39176
-999999 999999 78498 39176
-999999 999999 78498 39176
-999999 999999 78498 39176
-999999 999999 78498 39176
-999999 999999 78498 39176
-999999 999999 78498 39176
-999999 999999 78498 39176
-999999 999999 78498 39176
-999999 999999 78498 39176
-999999 999999 78498 39176
-999999 999999 78498 39176
-999999 999999 78498 39176
-999999 999999 78498 39176
-999999 999999 78498 39176
-999999 999999 78498 39176
-999999 999999 78498 39176
-999999 999999 78498 39176
-999999 999999 78498 39176
-999999 999999 78498 39176
-999999 999999 78498 39176
-999999 999999 78498 39176
-999999 999999 78498 39176
-999999 999999 78498 39176
-999999 999999 78498 39176
-999999 999999 78498 39176
-999999 999999 78498 39176
-999999 999999 78498 39176
-999999 999999 78498 39176
-999999 999999 78498 39176
-999999 999999 78498 39176
-999999 999999 78498 39176
-999999 999999 78498 39176
-999999 999999 78498 39176
-999999 999999 78498 39176
-999999 999999 78498 39176
-999999 999999 78498 39176
-999999 999999 78498 39176
-999999 999999 78498 39176
-999999 999999 78498 39176
-999999 999999 78498 39176
-999999 999999 78498 39176
-999999 999999 78498 39176
-999999 999999 78498 39176
-999999 999999 78498 39176
-999999 999999 78498 39176
-999999 999999 78498 39176
-999999 999999 78498 39176
-999999 999999 78498 39176
-999999 999999 78498 39176
-999999 999999 78498 39176
-999999 999999 78498 39176
-999999 999999 78498 39176
-999999 999999 78498 39176
-999999 999999 78498 39176
-999999 999999 78498 39176
-999999 999999 78498 39176
-999999 999999 78498 39176
-999999 999999 78498 39176
-999999 999999 78498 39176
-999999 999999 78498 39176
-999999 999999 78498 39176
-999999 999999 78498 39176
-999999 999999 78498 39176
-999999 999999 78498 39176
-999999 999999 78498 39176
-999999 999999 78498 39176
-999999 999999 78498 39176
-999999 999999 78498 39176
-999999 999999 78498 39176
-999999 999999 78498 39176
-999999 999999 78498 39176
-999999 999999 78498 39176
-999999 999999 78498 39176
-999999 999999 78498 39176
-999999 999999 78498 39176
-999999 999999 78498 39176
-999999 999999 78498 39176
-999999 999999 78498 39176
-999999 999999 78498 39176
-999999 999999 78498 39176
-999999 999999 78498 39176
-999999 999999 78498 39176
-999999 999999 78498 39176
-999999 999999 78498 39176
-999999 999999 78498 39176
-999999 999999 78498 39176
-999999 999999 78498 39176
-999999 999999 78498 39176
-999999 999999 78498 39176
-999999 999999 78498 39176
-999999 999999 78498 39176
-999999 999999 78498 39176
-999999 999999 78498 39176
-999999 999999 78498 39176
-999999 999999 78498 39176
-999999 999999 78498 39176
-999999 999999 78498 39176
-999999 999999 78498 39176
-999999 999999 78498 39176
-999999 999999 78498 39176
-999999 999999 78498 39176
-999999 999999 78498 39176
-999999 999999 78498 39176
-999999 999999 78498 39176
-999999 999999 78498 39176
-999999 999999 78498 39176
-999999 999999 78498 39176
-999999 999999 78498 39176
-999999 999999 78498 39176
-999999 999999 78498 39176
-999999 999999 78498 39176
-999999 999999 78498 39176
-999999 999999 78498 39176
-999999 999999 78498 39176
-999999 999999 78498 39176
-999999 999999 78498 39176
-999999 999999 78498 39176
-999999 999999 78498 39176
-999999 999999 78498 39176
-999999 999999 78498 39176
-999999 999999 78498 39176
-999999 999999 78498 39176
-999999 999999 78498 39176
-999999 999999 78498 39176
-999999 999999 78498 39176
-999999 999999 78498 39176
-999999 999999 78498 39176
-999999 999999 78498 39176
-999999 999999 78498 39176
-999999 999999 78498 39176
-999999 999999 78498 39176
-999999 999999 78498 39176
-999999 999999 78498 39176
-999999 999999 78498 39176
-999999 999999 78498 39176
-999999 999999 78498 39176
-999999 999999 78498 39176
-999999 999999 78498 39176
-999999 999999 78498 39176
-999999 999999 78498 39176
-999999 999999 78498 39176
-999999 999999 78498 39176
-999999 999999 78498 39176
-999999 999999 78498 39176
-999999 999999 78498 39176
-999999 999999 78498 39176
-999999 999999 78498 39176
-999999 999999 78498 39176
-999999 999999 78498 39176
-999999 999999 78498 39176
-999999 999999 78498 39176
-999999 999999 78498 39176
-999999 999999 78498 39176
-999999 999999 78498 39176
-999999 999999 78498 39176
-999999 999999 78498 39176
-999999 999999 78498 39176
-999999 999999 78498 39176
-999999 999999 78498 39176
-999999 999999 78498 39176
-999999 999999 78498 39176
-999999 999999 78498 39176
-999999 999999 78498 39176
-999999 999999 78498 39176
-999999 999999 78498 39176
-999999 999999 78498 39176
-999999 999999 78498 39176
-999999 999999 78498 39176
-999999 999999 78498 39176
-999999 999999 78498 39176
-999999 999999 78498 39176
-999999 999999 78498 39176
-999999 999999 78498 39176
-999999 999999 78498 39176
-999999 999999 78498 39176
-999999 999999 78498 39176
-999999 999999 78498 39176
-999999 999999 78498 39176
-999999 999999 78498 39176
-999999 999999 78498 39176
-999999 999999 78498 39176
-999999 999999 78498 39176
-999999 999999 78498 39176
-999999 999999 78498 39176
-999999 999999 78498 39176
-999999 999999 78498 39176
-999999 999999 78498 39176
-999999 999999 78498 39176
-999999 999999 78498 39176
-999999 999999 78498 39176
-999999 999999 78498 39176
-999999 999999 78498 39176
-999999 999999 78498 39176
-999999 999999 78498 39176
-999999 999999 78498 39176
-999999 999999 78498 39176
-999999 999999 78498 39176
-999999 999999 78498 39176
-999999 999999 78498 39176
-999999 999999 78498 39176
-999999 999999 78498 39176
-999999 999999 78498 39176
-999999 999999 78498 39176
-999999 999999 78498 39176
-999999 999999 78498 39176
-999999 999999 78498 39176
-999999 999999 78498 39176
-999999 999999 78498 39176
-999999 999999 78498 39176
-999999 999999 78498 39176
-999999 999999 78498 39176
-999999 999999 78498 39176
-999999 999999 78498 39176
-999999 999999 78498 39176
-999999 999999 78498 39176
-999999 999999 78498 39176
-999999 999999 78498 39176
-999999 999999 78498 39176
-999999 999999 78498 39176
-999999 999999 78498 39176
-999999 999999 78498 39176
-999999 999999 78498 39176
-999999 999999 78498 39176
-999999 999999 78498 39176
-999999 999999 78498 39176
-999999 999999 78498 39176
-999999 999999 78498 39176
-999999 999999 78498 39176
-999999 999999 78498 39176
-999999 999999 78498 39176
-999999 999999 78498 39176
-999999 999999 78498 39176
-999999 999999 78498 39176
-999999 999999 78498 39176
-999999 999999 78498 39176
-999999 999999 78498 39176
-999999 999999 78498 39176
-999999 999999 78498 39176
-999999 999999 78498 39176
-999999 999999 78498 39176
-999999 999999 78498 39176
-999999 999999 78498 39176
-999999 999999 78498 39176
-999999 999999 78498 39176
-999999 999999 78498 39176
-999999 999999 78498 39176
-999999 999999 78498 39176
-999999 999999 78498 39176
-999999 999999 78498 39176
-999999 999999 78498 39176
-999999 999999 78498 39176
-999999 999999 78498 39176
-999999 999999 78498 39176
-999999 999999 78498 39176
-999999 999999 78498 39176
-999999 999999 78498 39176
-999999 999999 78498 39176
-999999 999999 78498 39176
-999999 999999 78498 39176
-999999 999999 78498 39176
-999999 999999 78498 39176
-999999 999999 78498 39176
-999999 999999 78498 39176
-999999 999999 78498 39176
-999999 999999 78498 39176
-999999 999999 78498 39176
-999999 999999 78498 39176
-999999 999999 78498 39176
-999999 999999 78498 39176
-999999 999999 78498 39176
-999999 999999 78498 39176
-999999 999999 78498 39176
-999999 999999 78498 39176
-999999 999999 78498 39176
-999999 999999 78498 39176
-999999 999999 78498 39176
-999999 999999 78498 39176
-999999 999999 78498 39176
-999999 999999 78498 39176
-999999 999999 78498 39176
-999999 999999 78498 39176
-999999 999999 78498 39176
-999999 999999 78498 39176
-999999 999999 78498 39176
-999999 999999 78498 39176
-999999 999999 78498 39176
-999999 999999 78498 39176
-999999 999999 78498 39176
-999999 999999 78498 39176
-999999 999999 78498 39176
-999999 999999 78498 39176
-999999 999999 78498 39176
-999999 999999 78498 39176
-999999 999999 78498 39176
-999999 999999 78498 39176
-999999 999999 78498 39176
-999999 999999 78498 39176
-999999 999999 78498 39176
-999999 999999 78498 39176
-999999 999999 78498 39176
-999999 999999 78498 39176
-999999 999999 78498 39176
-999999 999999 78498 39176
-999999 999999 78498 39176
-999999 999999 78498 39176
-999999 999999 78498 39176
-999999 999999 78498 39176
-999999 999999 78498 39176
-999999 999999 78498 39176
-999999 999999 78498 39176
-999999 999999 78498 39176
-999999 999999 78498 39176
-999999 999999 78498 39176
-999999 999999 78498 39176
-999999 999999 78498 39176
-999999 999999 78498 39176
-999999 999999 78498 39176
-999999 999999 78498 39176
-999999 999999 78498 39176
-999999 999999 78498 39176
-999999 999999 78498 39176
-999999 999999 78498 39176
-999999 999999 78498 39176
-999999 999999 78498 39176
-999999 999999 78498 39176
-999999 999999 78498 39176
-999999 999999 78498 39176
-999999 999999 78498 39176
-999999 999999 78498 39176
-999999 999999 78498 39176
-999999 999999 78498 39176
-999999 999999 78498 39176
-999999 999999 78498 39176
-999999 999999 78498 39176
-999999 999999 78498 39176
-999999 999999 78498 39176
-999999 999999 78498 39176
-999999 999999 78498 39176
-999999 999999 78498 39176
-999999 999999 78498 39176
-999999 999999 78498 39176
-999999 999999 78498 39176
-999999 999999 78498 39176
-999999 999999 78498 39176
-999999 999999 78498 39176
-999999 999999 78498 39176
-999999 999999 78498 39176
-999999 999999 78498 39176
-999999 999999 78498 39176
-999999 999999 78498 39176
-999999 999999 78498 39176
-999999 999999 78498 39176
-999999 999999 78498 39176
-999999 999999 78498 39176
-999999 999999 78498 39176
-999999 999999 78498 39176
-999999 999999 78498 39176
-999999 999999 78498 39176
-999999 999999 78498 39176
-999999 999999 78498 39176
-999999 999999 78498 39176
-999999 999999 78498 39176
-999999 999999 78498 39176
-999999 999999 78498 39176
-999999 999999 78498 39176
-999999 999999 78498 39176
-999999 999999 78498 39176
-999999 999999 78498 39176
-999999 999999 78498 39176
-999999 999999 78498 39176
-999999 999999 78498 39176
-999999 999999 78498 39176
-999999 999999 78498 39176
-999999 999999 78498 39176
-999999 999999 78498 39176
-999999 999999 78498 39176
-999999 999999 78498 39176
-999999 999999 78498 39176
-999999 999999 78498 39176
-999999 999999 78498 39176
-999999 999999 78498 39176
-999999 999999 78498 39176
-999999 999999 78498 39176
-999999 999999 78498 39176
-999999 999999 78498 39176
-999999 999999 78498 39176
-999999 999999 78498 39176
-999999 999999 78498 39176
-999999 999999 78498 39176
-999999 999999 78498 39176
-999999 999999 78498 39176
-999999 999999 78498 39176
-999999 999999 78498 39176
-999999 999999 78498 39176
-999999 999999 78498 39176
-999999 999999 78498 39176
-999999 999999 78498 39176
-999999 999999 78498 39176
-999999 999999 78498 39176
-999999 999999 78498 39176
-999999 999999 78498 39176
-999999 999999 78498 39176
-999999 999999 78498 39176
-999999 999999 78498 39176
-999999 999999 78498 39176
-999999 999999 78498 39176
-999999 999999 78498 39176
-999999 999999 78498 39176
-999999 999999 78498 39176
-999999 999999 78498 39176
-999999 999999 78498 39176
-999999 999999 78498 39176
-999999 999999 78498 39176
-999999 999999 78498 39176
-999999 999999 78498 39176
-999999 999999 78498 39176
-999999 999999 78498 39176
-999999 999999 78498 39176
-999999 999999 78498 39176
-999999 999999 78498 39176
-999999 999999 78498 39176
-999999 999999 78498 39176
-999999 999999 78498 39176
-999999 999999 78498 39176
-999999 999999 78498 39176
-999999 999999 78498 39176
-999999 999999 78498 39176
-999999 999999 78498 39176
-999999 999999 78498 39176
-999999 999999 78498 39176
-999999 999999 78498 39176
-999999 999999 78498 39176
-999999 999999 78498 39176
-999999 999999 78498 39176
-999999 999999 78498 39176
-999999 999999 78498 39176
-999999 999999 78498 39176
-999999 999999 78498 39176
-999999 999999 78498 39176
-999999 999999 78498 39176
-999999 999999 78498 39176
-999999 999999 78498 39176
-999999 999999 78498 39176
-999999 999999 78498 39176
-999999 999999 78498 39176
-999999 999999 78498 39176
-999999 999999 78498 39176
-999999 999999 78498 39176
-999999 999999 78498 39176
-999999 999999 78498 39176
-999999 999999 78498 39176
-999999 999999 78498 39176
-999999 999999 78498 39176
-999999 999999 78498 39176
-999999 999999 78498 39176
-999999 999999 78498 39176
-999999 999999 78498 39176
-999999 999999 78498 39176
-999999 999999 78498 39176
-999999 999999 78498 39176
-999999 999999 78498 39176
-999999 999999 78498 39176
-999999 999999 78498 39176
-999999 999999 78498 39176
-999999 999999 78498 39176
-999999 999999 78498 39176
-999999 999999 78498 39176
-999999 999999 78498 39176
-999999 999999 78498 39176
-999999 999999 78498 39176
-999999 999999 78498 39176
-999999 999999 78498 39176
-999999 999999 78498 39176
-999999 999999 78498 39176
-999999 999999 78498 39176
-999999 999999 78498 39176
-999999 999999 78498 39176
-999999 999999 78498 39176
-999999 999999 78498 39176
-999999 999999 78498 39176
-999999 999999 78498 39176
-999999 999999 78498 39176
-999999 999999 78498 39176
-999999 999999 78498 39176
-999999 999999 78498 39176
-999999 999999 78498 39176
-999999 999999 78498 39176
-999999 999999 78498 39176
-999999 999999 78498 39176
-999999 999999 78498 39176
-999999 999999 78498 39176
-999999 999999 78498 39176
-999999 999999 78498 39176
-999999 999999 78498 39176
-999999 999999 78498 39176
-999999 999999 78498 39176
-999999 999999 78498 39176
-999999 999999 78498 39176
-999999 999999 78498 39176
-999999 999999 78498 39176
-999999 999999 78498 39176
-999999 999999 78498 39176
-999999 999999 78498 39176
-999999 999999 78498 39176
-999999 999999 78498 39176
-999999 999999 78498 39176
-999999 999999 78498 39176
-999999 999999 78498 39176
-999999 999999 78498 39176
-999999 999999 78498 39176
-999999 999999 78498 39176
-999999 999999 78498 39176
-999999 999999 78498 39176
-999999 999999 78498 39176
-999999 999999 78498 39176
-999999 999999 78498 39176
-999999 999999 78498 39176
-999999 999999 78498 39176
-999999 999999 78498 39176
-999999 999999 78498 39176
-999999 999999 78498 39176
-999999 999999 78498 39176
-999999 999999 78498 39176
-999999 999999 78498 39176
-999999 999999 78498 39176
-999999 999999 78498 39176
-999999 999999 78498 39176
-999999 999999 78498 39176
-999999 999999 78498 39176
-999999 999999 78498 39176
-999999 999999 78498 39176
-999999 999999 78498 39176
-999999 999999 78498 39176
-999999 999999 78498 39176
-999999 999999 78498 39176
-999999 999999 78498 39176
-999999 999999 78498 39176
-999999 999999 78498 39176
-999999 999999 78498 39176
-999999 999999 78498 39176
-999999 999999 78498 39176
-999999 999999 78498 39176
-999999 999999 78498 39176
-999999 999999 78498 39176
-999999 999999 78498 39176
-999999 999999 78498 39176
-999999 999999 78498 39176
-999999 999999 78498 39176
-999999 999999 78498 39176
-999999 999999 78498 39176
-999999 999999 78498 39176
-999999 999999 78498 39176
-999999 999999 78498 39176
-999999 999999 78498 39176
-999999 999999 78498 39176
-999999 999999 78498 39176
-999999 999999 78498 39176
-999999 999999 78498 39176
-999999 999999 78498 39176
-999999 999999 78498 39176
-999999 999999 78498 39176
-999999 999999 78498 39176
-999999 999999 78498 39176
-999999 999999 78498 39176
-999999 999999 78498 39176
-999999 999999 78498 39176
-999999 999999 78498 39176
-999999 999999 78498 39176
-999999 999999 78498 39176
-999999 999999 78498 39176
-999999 999999 78498 39176
-999999 999999 78498 39176
-999999 999999 78498 39176
-999999 999999 78498 39176
-999999 999999 78498 39176
-999999 999999 78498 39176
-999999 999999 78498 39176
-999999 999999 78498 39176
-999999 999999 78498 39176
-999999 999999 78498 39176
-999999 999999 78498 39176
-999999 999999 78498 39176
-999999 999999 78498 39176
-999999 999999 78498 39176
-999999 999999 78498 39176
-999999 999999 78498 39176
-999999 999999 78498 39176
-999999 999999 78498 39176
-999999 999999 78498 39176
-999999 999999 78498 39176
-999999 999999 78498 39176
-999999 999999 78498 39176
-999999 999999 78498 39176
-999999 999999 78498 39176
-999999 999999 78498 39176
-999999 999999 78498 39176
-999999 999999 78498 39176
-999999 999999 78498 39176
-999999 999999 78498 39176
-999999 999999 78498 39176
-999999 999999 78498 39176
-999999 999999 78498 39176
-999999 999999 78498 39176
-999999 999999 78498 39176
-999999 999999 78498 39176
-999999 999999 78498 39176
-999999 999999 78498 39176
-999999 999999 78498 39176
-999999 999999 78498 39176
-999999 999999 78498 39176
-999999 999999 78498 39176
-999999 999999 78498 39176
-999999 999999 78498 39176
-999999 999999 78498 39176
-999999 999999 78498 39176
-999999 999999 78498 39176
-999999 999999 78498 39176
-999999 999999 78498 39176
-999999 999999 78498 39176
-999999 999999 78498 39176
-999999 999999 78498 39176
-999999 999999 78498 39176
-999999 999999 78498 39176
-999999 999999 78498 39176
-999999 999999 78498 39176
-999999 999999 78498 39176
-999999 999999 78498 39176
-999999 999999 78498 39176
-999999 999999 78498 39176
-999999 999999 78498 39176
-999999 999999 78498 39176
-999999 999999 78498 39176
-999999 999999 78498 39176
-999999 999999 78498 39176
-999999 999999 78498 39176
-999999 999999 78498 39176
-999999 999999 78498 39176
-999999 999999 78498 39176
-999999 999999 78498 39176
-999999 999999 78498 39176
-999999 999999 78498 39176
-999999 999999 78498 39176
-999999 999999 78498 39176
-999999 999999 78498 39176
-999999 999999 78498 39176
-999999 999999 78498 39176
-999999 999999 78498 39176
-999999 999999 78498 39176
-999999 999999 78498 39176
-999999 999999 78498 39176
-999999 999999 78498 39176
-999999 999999 78498 39176
-999999 999999 78498 39176
-999999 999999 78498 39176
-999999 999999 78498 39176
-999999 999999 78498 39176
-999999 999999 78498 39176
-999999 999999 78498 39176
-999999 999999 78498 39176
-999999 999999 78498 39176
-999999 999999 78498 39176
-999999 999999 78498 39176
-999999 999999 78498 39176
-999999 999999 78498 39176
-999999 999999 78498 39176
-999999 999999 78498 39176
-999999 999999 78498 39176
-999999 999999 78498 39176
-999999 999999 78498 39176
-999999 999999 78498 39176
-999999 999999 78498 39176
-999999 999999 78498 39176
-999999 999999 78498 39176
-999999 999999 78498 39176
-999999 999999 78498 39176
-999999 999999 78498 39176
-999999 999999 78498 39176
-999999 999999 78498 39176
-999999 999999 78498 39176
-999999 999999 78498 39176
-999999 999999 78498 39176
-999999 999999 78498 39176
-999999 999999 78498 39176
-999999 999999 78498 39176
-999999 999999 78498 39176
-999999 999999 78498 39176
-999999 999999 78498 39176
-999999 999999 78498 39176
-999999 999999 78498 39176
-999999 999999 78498 39176
